<?xml version="1.0" encoding="UTF-8"?>
<testng-results ignored="0" total="1" passed="1" failed="0" skipped="0">
  <reporter-output>
  </reporter-output>
  <suite started-at="2026-03-03T13:21:19 IST" name="Surefire suite" finished-at="2026-03-03T13:21:23 IST" duration-ms="4301">
    <groups>
    </groups>
    <test started-at="2026-03-03T13:21:19 IST" name="Surefire test" finished-at="2026-03-03T13:21:23 IST" duration-ms="4301">
      <class name="baseTest.loginTest">
        <test-method is-config="true" signature="setup()[pri:0, instance:baseTest.loginTest@759d26fb]" started-at="2026-03-03T13:21:19 IST" name="setup" finished-at="2026-03-03T13:21:21 IST" duration-ms="2786" status="PASS">
          <reporter-output>
          </reporter-output>
        </test-method> <!-- setup -->
        <test-method signature="validTestLogin()[pri:0, instance:baseTest.loginTest@759d26fb]" started-at="2026-03-03T13:21:21 IST" name="validTestLogin" finished-at="2026-03-03T13:21:23 IST" duration-ms="1431" status="PASS">
          <reporter-output>
          </reporter-output>
        </test-method> <!-- validTestLogin -->
      </class> <!-- baseTest.loginTest -->
    </test> <!-- Surefire test -->
  </suite> <!-- Surefire suite -->
</testng-results>
